<?xml version="1.0" encoding="UTF-8"?>
<!-- Generated by org.testng.reporters.JUnitXMLReporter -->
<testsuite ignored="0" hostname="hello-lenovo" failures="0" tests="5" name="Default test" time="1.876" errors="0" timestamp="2023-08-21T19:11:46 IST">
  <testcase classname="testCases.TC_VideoGameAPI" name="test_getAllVideoGames" time="0.934"/>
  <testcase classname="testCases.TC_VideoGameAPI" name="test_addNewVideoGame" time="0.291"/>
  <testcase classname="testCases.TC_VideoGameAPI" name="test_getVideoGame" time="0.514"/>
  <testcase classname="testCases.TC_VideoGameAPI" name="test_updateVideoGame" time="0.076"/>
  <testcase classname="testCases.TC_VideoGameAPI" name="test_deleteVideoGame" time="0.018"/>
</testsuite> <!-- Default test -->
