<?xml version="1.0" encoding="UTF-8"?>
<!-- Generated by org.testng.reporters.JUnitXMLReporter -->
<testsuite ignored="0" hostname="hello-lenovo" failures="0" tests="5" name="firsttest" time="1.672" errors="0" timestamp="2023-08-23T14:01:50 IST">
  <testcase classname="testCases.TC_VideoGameAPI" name="test_getAllVideoGames" time="0.848"/>
  <testcase classname="testCases.TC_VideoGameAPI" name="test_addNewVideoGame" time="0.255"/>
  <testcase classname="testCases.TC_VideoGameAPI" name="test_getVideoGame" time="0.459"/>
  <testcase classname="testCases.TC_VideoGameAPI" name="test_updateVideoGame" time="0.08"/>
  <testcase classname="testCases.TC_VideoGameAPI" name="test_deleteVideoGame" time="0.015"/>
</testsuite> <!-- firsttest -->
