<?xml version="1.0" encoding="UTF-8"?>
<testsuite xmlns:xsi="http://www.w3.org/2001/XMLSchema-instance" xsi:noNamespaceSchemaLocation="https://maven.apache.org/surefire/maven-surefire-plugin/xsd/surefire-test-report-3.0.xsd" version="3.0" name="TestSuite" time="2" tests="5" errors="0" skipped="0" failures="0">
  <properties>
[...]
</properties>
  <testcase name="test_getAllVideoGames" classname="testCases.TC_VideoGameAPI" time="0.848">
    <system-err><![CDATA[SLF4J: Failed to load class "org.slf4j.impl.StaticLoggerBinder".
SLF4J: Defaulting to no-operation (NOP) logger implementation
SLF4J: See http://www.slf4j.org/codes.html#StaticLoggerBinder for further details.
]]></system-err>
  </testcase>
  <testcase name="test_addNewVideoGame" classname="testCases.TC_VideoGameAPI" time="0.255">
    <system-out><![CDATA[{"status": "Record Added Successfully"}
]]></system-out>
    <system-err><![CDATA[[Fatal Error] :1:1: Content is not allowed in prolog.
]]></system-err>
  </testcase>
  <testcase name="test_getVideoGame" classname="testCases.TC_VideoGameAPI" time="0.459">
    <system-out><![CDATA[{
    "id": 11,
    "name": "Spider-Man",
    "releaseDate": "2023-08-20",
    "reviewScore": 5,
    "category": "Adventure",
    "rating": "Universal"
}
]]></system-out>
  </testcase>
  <testcase name="test_updateVideoGame" classname="testCases.TC_VideoGameAPI" time="0.08">
    <system-out><![CDATA[{
    "id": 2,
    "name": "test",
    "releaseDate": "2023-08-21",
    "reviewScore": 0,
    "category": "test",
    "rating": "test"
}
]]></system-out>
  </testcase>
  <testcase name="test_deleteVideoGame" classname="testCases.TC_VideoGameAPI" time="0.015">
    <system-out><![CDATA[{"status": "Record Deleted Successfully"}
]]></system-out>
    <system-err><![CDATA[[Fatal Error] :1:1: Content is not allowed in prolog.
]]></system-err>
  </testcase>
</testsuite>