<?xml version="1.0" encoding="UTF-8"?>
<testng-results ignored="0" total="5" passed="5" failed="0" skipped="0">
  <reporter-output>
  </reporter-output>
  <suite started-at="2023-08-23T14:01:48 IST" name="Suite1" finished-at="2023-08-23T14:01:50 IST" duration-ms="1672">
    <groups>
    </groups>
    <test started-at="2023-08-23T14:01:48 IST" name="firsttest" finished-at="2023-08-23T14:01:50 IST" duration-ms="1672">
      <class name="testCases.TC_VideoGameAPI">
        <test-method signature="test_getAllVideoGames()[pri:1, instance:testCases.TC_VideoGameAPI@2f7c2f4f]" started-at="2023-08-23T14:01:48 IST" name="test_getAllVideoGames" finished-at="2023-08-23T14:01:49 IST" duration-ms="848" status="PASS">
          <reporter-output>
          </reporter-output>
        </test-method> <!-- test_getAllVideoGames -->
        <test-method signature="test_addNewVideoGame()[pri:2, instance:testCases.TC_VideoGameAPI@2f7c2f4f]" started-at="2023-08-23T14:01:49 IST" name="test_addNewVideoGame" finished-at="2023-08-23T14:01:50 IST" duration-ms="255" status="PASS">
          <reporter-output>
          </reporter-output>
        </test-method> <!-- test_addNewVideoGame -->
        <test-method signature="test_getVideoGame()[pri:3, instance:testCases.TC_VideoGameAPI@2f7c2f4f]" started-at="2023-08-23T14:01:50 IST" name="test_getVideoGame" finished-at="2023-08-23T14:01:50 IST" duration-ms="459" status="PASS">
          <reporter-output>
          </reporter-output>
        </test-method> <!-- test_getVideoGame -->
        <test-method signature="test_updateVideoGame()[pri:4, instance:testCases.TC_VideoGameAPI@2f7c2f4f]" started-at="2023-08-23T14:01:50 IST" name="test_updateVideoGame" finished-at="2023-08-23T14:01:50 IST" duration-ms="80" status="PASS">
          <reporter-output>
          </reporter-output>
        </test-method> <!-- test_updateVideoGame -->
        <test-method signature="test_deleteVideoGame()[pri:5, instance:testCases.TC_VideoGameAPI@2f7c2f4f]" started-at="2023-08-23T14:01:50 IST" name="test_deleteVideoGame" finished-at="2023-08-23T14:01:50 IST" duration-ms="15" status="PASS">
          <reporter-output>
          </reporter-output>
        </test-method> <!-- test_deleteVideoGame -->
      </class> <!-- testCases.TC_VideoGameAPI -->
    </test> <!-- firsttest -->
  </suite> <!-- Suite1 -->
</testng-results>
