<?xml version="1.0" encoding="UTF-8"?>
<testng-results ignored="0" total="5" passed="5" failed="0" skipped="0">
  <reporter-output>
  </reporter-output>
  <suite started-at="2023-08-21T19:11:44 IST" name="Default suite" finished-at="2023-08-21T19:11:46 IST" duration-ms="1876">
    <groups>
    </groups>
    <test started-at="2023-08-21T19:11:44 IST" name="Default test" finished-at="2023-08-21T19:11:46 IST" duration-ms="1876">
      <class name="testCases.TC_VideoGameAPI">
        <test-method signature="test_getAllVideoGames()[pri:1, instance:testCases.TC_VideoGameAPI@47af7f3d]" started-at="2023-08-21T19:11:45 IST" name="test_getAllVideoGames" finished-at="2023-08-21T19:11:45 IST" duration-ms="934" status="PASS">
          <reporter-output>
          </reporter-output>
        </test-method> <!-- test_getAllVideoGames -->
        <test-method signature="test_addNewVideoGame()[pri:2, instance:testCases.TC_VideoGameAPI@47af7f3d]" started-at="2023-08-21T19:11:45 IST" name="test_addNewVideoGame" finished-at="2023-08-21T19:11:46 IST" duration-ms="291" status="PASS">
          <reporter-output>
          </reporter-output>
        </test-method> <!-- test_addNewVideoGame -->
        <test-method signature="test_getVideoGame()[pri:3, instance:testCases.TC_VideoGameAPI@47af7f3d]" started-at="2023-08-21T19:11:46 IST" name="test_getVideoGame" finished-at="2023-08-21T19:11:46 IST" duration-ms="514" status="PASS">
          <reporter-output>
          </reporter-output>
        </test-method> <!-- test_getVideoGame -->
        <test-method signature="test_updateVideoGame()[pri:4, instance:testCases.TC_VideoGameAPI@47af7f3d]" started-at="2023-08-21T19:11:46 IST" name="test_updateVideoGame" finished-at="2023-08-21T19:11:46 IST" duration-ms="76" status="PASS">
          <reporter-output>
          </reporter-output>
        </test-method> <!-- test_updateVideoGame -->
        <test-method signature="test_deleteVideoGame()[pri:5, instance:testCases.TC_VideoGameAPI@47af7f3d]" started-at="2023-08-21T19:11:46 IST" name="test_deleteVideoGame" finished-at="2023-08-21T19:11:46 IST" duration-ms="18" status="PASS">
          <reporter-output>
          </reporter-output>
        </test-method> <!-- test_deleteVideoGame -->
      </class> <!-- testCases.TC_VideoGameAPI -->
    </test> <!-- Default test -->
  </suite> <!-- Default suite -->
</testng-results>
